c:\users\anuruddha\dropbox\uoft\csc4000y\annexing reality\objectfinderdll\objectfinder\x64\release\vc120.pdb
c:\users\anuruddha\dropbox\uoft\csc4000y\annexing reality\objectfinderdll\objectfinder\x64\release\stdafx.obj
c:\users\anuruddha\dropbox\uoft\csc4000y\annexing reality\objectfinderdll\objectfinder\x64\release\shapedetector.obj
c:\users\anuruddha\dropbox\uoft\csc4000y\annexing reality\objectfinderdll\objectfinder\x64\release\sensorreader.obj
c:\users\anuruddha\dropbox\uoft\csc4000y\annexing reality\objectfinderdll\objectfinder\x64\release\posetracker.obj
c:\users\anuruddha\dropbox\uoft\csc4000y\annexing reality\objectfinderdll\objectfinder\x64\release\modelsegmenter.obj
c:\users\anuruddha\dropbox\uoft\csc4000y\annexing reality\objectfinderdll\objectfinder\x64\release\initialaligner.obj
c:\users\anuruddha\dropbox\uoft\csc4000y\annexing reality\objectfinderdll\objectfinder\x64\release\featurecalculator.obj
c:\users\anuruddha\dropbox\uoft\csc4000y\annexing reality\objectfinderdll\objectfinder\x64\release\controller.obj
c:\users\anuruddha\dropbox\uoft\csc4000y\annexing reality\objectfinderdll\x64\release\objectfinder.dll
c:\users\anuruddha\dropbox\uoft\csc4000y\annexing reality\objectfinderdll\x64\release\objectfinder.pdb
c:\users\anuruddha\dropbox\uoft\csc4000y\annexing reality\objectfinderdll\x64\release\objectfinder.lib
c:\users\anuruddha\dropbox\uoft\csc4000y\annexing reality\objectfinderdll\x64\release\objectfinder.exp
c:\users\anuruddha\dropbox\uoft\csc4000y\annexing reality\objectfinderdll\objectfinder\x64\release\objectfinder.tlog\cl.command.1.tlog
c:\users\anuruddha\dropbox\uoft\csc4000y\annexing reality\objectfinderdll\objectfinder\x64\release\objectfinder.tlog\cl.read.1.tlog
c:\users\anuruddha\dropbox\uoft\csc4000y\annexing reality\objectfinderdll\objectfinder\x64\release\objectfinder.tlog\cl.write.1.tlog
c:\users\anuruddha\dropbox\uoft\csc4000y\annexing reality\objectfinderdll\objectfinder\x64\release\objectfinder.tlog\link.command.1.tlog
c:\users\anuruddha\dropbox\uoft\csc4000y\annexing reality\objectfinderdll\objectfinder\x64\release\objectfinder.tlog\link.read.1.tlog
c:\users\anuruddha\dropbox\uoft\csc4000y\annexing reality\objectfinderdll\objectfinder\x64\release\objectfinder.tlog\link.write.1.tlog
c:\users\anuruddha\dropbox\uoft\csc4000y\annexing reality\objectfinderdll\objectfinder\x64\release\objectfinder.tlog\objectfinder.write.1u.tlog
